<?xml version="1.0" encoding="UTF-8" ?>
<testsuites>
 <testsuite name="Protractor Demo App" timestamp="2016-01-15T12:38:12" hostname="localhost" time="70.59" errors="0" tests="15" skipped="0" disabled="0" failures="0">
  <testcase classname="Protractor Demo App" name="should show correct title and displays menu" time="8.768" />
  <testcase classname="Protractor Demo App" name="should go through slides" time="5.021" />
  <testcase classname="Protractor Demo App" name="should open prompt for login password" time="3.983" />
  <testcase classname="Protractor Demo App" name="should reset the whole project" time="1.931" />
  <testcase classname="Protractor Demo App" name="should go through slides" time="3.406" />
  <testcase classname="Protractor Demo App" name="should no longer display the settings for the admin by clicking the cog button" time="1.866" />
  <testcase classname="Protractor Demo App" name="should start ranking Names and providing input information" time="12.126" />
  <testcase classname="Protractor Demo App" name="should show the Summary Slide" time="1.89" />
  <testcase classname="Protractor Demo App" name="should show retained names" time="5.78" />
  <testcase classname="Protractor Demo App" name="should show negative names" time="5.591" />
  <testcase classname="Protractor Demo App" name="should display new names" time="5.64" />
  <testcase classname="Protractor Demo App" name="should display roots to explore" time="5.602" />
  <testcase classname="Protractor Demo App" name="should input something in the comments for roots to explore" time="1.707" />
  <testcase classname="Protractor Demo App" name="should display roots to avoid" time="5.574" />
  <testcase classname="Protractor Demo App" name="should input something in the comments for roots to avoid" time="1.684" />
 </testsuite>
</testsuites>