<?xml version="1.0" encoding="UTF-8" ?>
<testsuites>
 <testsuite name="NW App" timestamp="2016-01-19T12:32:30" hostname="localhost" time="59.538" errors="0" tests="15" skipped="0" disabled="0" failures="0">
  <testcase classname="NW App" name="should show correct title and displays menu" time="6.652" />
  <testcase classname="NW App" name="should go through slides" time="4.667" />
  <testcase classname="NW App" name="should open prompt for login password" time="3.69" />
  <testcase classname="NW App" name="should reset the whole project" time="1.148" />
  <testcase classname="NW App" name="should go through slides" time="3.387" />
  <testcase classname="NW App" name="should no longer display the settings for the admin by clicking the cog button" time="1.16" />
  <testcase classname="NW App" name="should start ranking Names and providing input information" time="8.172" />
  <testcase classname="NW App" name="should show the Summary Slide" time="1.358" />
  <testcase classname="NW App" name="should show retained names" time="5.392" />
  <testcase classname="NW App" name="should show negative names" time="5.263" />
  <testcase classname="NW App" name="should display new names" time="5.27" />
  <testcase classname="NW App" name="should display roots to explore" time="5.245" />
  <testcase classname="NW App" name="should input something in the comments for roots to explore" time="1.31" />
  <testcase classname="NW App" name="should display roots to avoid" time="5.502" />
  <testcase classname="NW App" name="should input something in the comments for roots to avoid" time="1.321" />
 </testsuite>
</testsuites>