<?xml version="1.0" encoding="UTF-8" ?>
<testsuites>
 <testsuite name="NW App" timestamp="2016-01-22T09:24:50" hostname="localhost" time="41.389" errors="0" tests="11" skipped="0" disabled="0" failures="0">
  <testcase classname="NW App" name="should show correct title and displays menu" time="2.999" />
  <testcase classname="NW App" name="should go through slides" time="2.198" />
  <testcase classname="NW App" name="should start ranking Names and providing input information" time="7.898" />
  <testcase classname="NW App" name="should show the Summary Slide" time="1.369" />
  <testcase classname="NW App" name="should show retained names" time="5.51" />
  <testcase classname="NW App" name="should show negative names" time="5.205" />
  <testcase classname="NW App" name="should display new names" time="5.36" />
  <testcase classname="NW App" name="should display roots to explore" time="5.299" />
  <testcase classname="NW App" name="should input something in the comments for roots to explore" time="0.124" />
  <testcase classname="NW App" name="should display roots to avoid" time="5.254" />
  <testcase classname="NW App" name="should input something in the comments for roots to avoid" time="0.169" />
 </testsuite>
</testsuites>
